-------------------------------------------------------------------------------
Test set: com.example.trades.web.UploadControllerTest
-------------------------------------------------------------------------------
Tests run: 2, Failures: 0, Errors: 2, Skipped: 0, Time elapsed: 5.269 s <<< FAILURE! -- in com.example.trades.web.UploadControllerTest
com.example.trades.web.UploadControllerTest.uploadCsvFile_shouldReturnOk_andInvokeStoreAndPublisher -- Time elapsed: 0.190 s <<< ERROR!
org.mockito.exceptions.misusing.WrongTypeOfReturnValue: 

Object cannot be returned by toPlatform()
toPlatform() should return PlatformInstruction
***
If you're unsure why you're getting above error read on.
Due to the nature of the syntax above problem might occur because:
1. This exception *might* occur in wrongly written multi-threaded tests.
   Please refer to Mockito FAQ on limitations of concurrency testing.
2. A spy is stubbed using when(spy.foo()).then() syntax. It is safer to stub spies - 
   - with doReturn|Throw() family of methods. More in javadocs for Mockito.spy() method.

	at com.example.trades.service.InstructionTransformer.toPlatform(InstructionTransformer.java:38)
	at com.example.trades.web.UploadControllerTest.uploadCsvFile_shouldReturnOk_andInvokeStoreAndPublisher(UploadControllerTest.java:79)
	at java.base/java.lang.reflect.Method.invoke(Method.java:580)
	at java.base/java.util.ArrayList.forEach(ArrayList.java:1596)
	at java.base/java.util.ArrayList.forEach(ArrayList.java:1596)

com.example.trades.web.UploadControllerTest.uploadJsonFile_shouldReturnOk_andInvokeStoreAndPublisher -- Time elapsed: 0.008 s <<< ERROR!
org.mockito.exceptions.misusing.WrongTypeOfReturnValue: 

Object cannot be returned by toCanonical()
toCanonical() should return CanonicalInstruction
***
If you're unsure why you're getting above error read on.
Due to the nature of the syntax above problem might occur because:
1. This exception *might* occur in wrongly written multi-threaded tests.
   Please refer to Mockito FAQ on limitations of concurrency testing.
2. A spy is stubbed using when(spy.foo()).then() syntax. It is safer to stub spies - 
   - with doReturn|Throw() family of methods. More in javadocs for Mockito.spy() method.

	at com.example.trades.service.InstructionTransformer.toCanonical(InstructionTransformer.java:17)
	at com.example.trades.web.UploadControllerTest.uploadJsonFile_shouldReturnOk_andInvokeStoreAndPublisher(UploadControllerTest.java:107)
	at java.base/java.lang.reflect.Method.invoke(Method.java:580)
	at java.base/java.util.ArrayList.forEach(ArrayList.java:1596)
	at java.base/java.util.ArrayList.forEach(ArrayList.java:1596)

