<?xml version="1.0" encoding="UTF-8"?>
<testsuite xmlns:xsi="http://www.w3.org/2001/XMLSchema-instance" xsi:noNamespaceSchemaLocation="https://maven.apache.org/surefire/maven-surefire-plugin/xsd/surefire-test-report.xsd" version="3.0.2" name="com.example.trades.web.UploadControllerTest" time="5.269" tests="2" errors="2" skipped="0" failures="0">
  <properties>
[...]
</properties>
  <testcase name="uploadCsvFile_shouldReturnOk_andInvokeStoreAndPublisher" classname="com.example.trades.web.UploadControllerTest" time="0.19">
    <error message="&#10;Object cannot be returned by toPlatform()&#10;toPlatform() should return PlatformInstruction&#10;***&#10;If you&apos;re unsure why you&apos;re getting above error read on.&#10;Due to the nature of the syntax above problem might occur because:&#10;1. This exception *might* occur in wrongly written multi-threaded tests.&#10;   Please refer to Mockito FAQ on limitations of concurrency testing.&#10;2. A spy is stubbed using when(spy.foo()).then() syntax. It is safer to stub spies - &#10;   - with doReturn|Throw() family of methods. More in javadocs for Mockito.spy() method.&#10;" type="org.mockito.exceptions.misusing.WrongTypeOfReturnValue"><![CDATA[org.mockito.exceptions.misusing.WrongTypeOfReturnValue: 

Object cannot be returned by toPlatform()
toPlatform() should return PlatformInstruction
***
If you're unsure why you're getting above error read on.
Due to the nature of the syntax above problem might occur because:
1. This exception *might* occur in wrongly written multi-threaded tests.
   Please refer to Mockito FAQ on limitations of concurrency testing.
2. A spy is stubbed using when(spy.foo()).then() syntax. It is safer to stub spies - 
   - with doReturn|Throw() family of methods. More in javadocs for Mockito.spy() method.

	at com.example.trades.service.InstructionTransformer.toPlatform(InstructionTransformer.java:38)
	at com.example.trades.web.UploadControllerTest.uploadCsvFile_shouldReturnOk_andInvokeStoreAndPublisher(UploadControllerTest.java:79)
	at java.base/java.lang.reflect.Method.invoke(Method.java:580)
	at java.base/java.util.ArrayList.forEach(ArrayList.java:1596)
	at java.base/java.util.ArrayList.forEach(ArrayList.java:1596)
]]></error>
    <system-out><![CDATA[16:00:56.523 [main] INFO org.springframework.boot.test.context.SpringBootTestContextBootstrapper -- Found @SpringBootConfiguration com.example.trades.TradesCaptureServiceApplication for test class com.example.trades.web.UploadControllerTest

  .   ____          _            __ _ _
 /\\ / ___'_ __ _ _(_)_ __  __ _ \ \ \ \
( ( )\___ | '_ | '_| | '_ \/ _` | \ \ \ \
 \\/  ___)| |_)| | | | | || (_| |  ) ) ) )
  '  |____| .__|_| |_|_| |_\__, | / / / /
 =========|_|==============|___/=/_/_/_/

 :: Spring Boot ::                (v3.5.7)

2025-10-31T16:00:57.181-04:00  INFO 40044 --- [trades-capture-service] [           main] c.e.trades.web.UploadControllerTest      : Starting UploadControllerTest using Java 21.0.4 with PID 40044 (started by Joseph in D:\jobs\trades-capture-service)
2025-10-31T16:00:57.184-04:00  INFO 40044 --- [trades-capture-service] [           main] c.e.trades.web.UploadControllerTest      : No active profile set, falling back to 1 default profile: "default"
2025-10-31T16:01:00.713-04:00  WARN 40044 --- [trades-capture-service] [           main] .s.s.UserDetailsServiceAutoConfiguration : 

Using generated security password: e1c6c28a-1401-4dfc-88d6-cb59def30808

This generated password is for development use only. Your security configuration must be updated before running your application in production.

2025-10-31T16:01:00.729-04:00  INFO 40044 --- [trades-capture-service] [           main] r$InitializeUserDetailsManagerConfigurer : Global AuthenticationManager configured with UserDetailsService bean with name inMemoryUserDetailsManager
2025-10-31T16:01:00.990-04:00  INFO 40044 --- [trades-capture-service] [           main] o.s.b.t.m.w.SpringBootMockServletContext : Initializing Spring TestDispatcherServlet ''
2025-10-31T16:01:00.991-04:00  INFO 40044 --- [trades-capture-service] [           main] o.s.t.web.servlet.TestDispatcherServlet  : Initializing Servlet ''
2025-10-31T16:01:00.997-04:00  INFO 40044 --- [trades-capture-service] [           main] o.s.t.web.servlet.TestDispatcherServlet  : Completed initialization in 6 ms
2025-10-31T16:01:01.088-04:00  INFO 40044 --- [trades-capture-service] [           main] c.e.trades.web.UploadControllerTest      : Started UploadControllerTest in 4.466 seconds (process running for 6.43)
]]></system-out>
    <system-err><![CDATA[Mockito is currently self-attaching to enable the inline-mock-maker. This will no longer work in future releases of the JDK. Please add Mockito as an agent to your build as described in Mockito's documentation: https://javadoc.io/doc/org.mockito/mockito-core/latest/org.mockito/org/mockito/Mockito.html#0.3
WARNING: A Java agent has been loaded dynamically (D:\mvn-repo\net\bytebuddy\byte-buddy-agent\1.17.8\byte-buddy-agent-1.17.8.jar)
WARNING: If a serviceability tool is in use, please run with -XX:+EnableDynamicAgentLoading to hide this warning
WARNING: If a serviceability tool is not in use, please run with -Djdk.instrument.traceUsage for more information
WARNING: Dynamic loading of agents will be disallowed by default in a future release
]]></system-err>
  </testcase>
  <testcase name="uploadJsonFile_shouldReturnOk_andInvokeStoreAndPublisher" classname="com.example.trades.web.UploadControllerTest" time="0.008">
    <error message="&#10;Object cannot be returned by toCanonical()&#10;toCanonical() should return CanonicalInstruction&#10;***&#10;If you&apos;re unsure why you&apos;re getting above error read on.&#10;Due to the nature of the syntax above problem might occur because:&#10;1. This exception *might* occur in wrongly written multi-threaded tests.&#10;   Please refer to Mockito FAQ on limitations of concurrency testing.&#10;2. A spy is stubbed using when(spy.foo()).then() syntax. It is safer to stub spies - &#10;   - with doReturn|Throw() family of methods. More in javadocs for Mockito.spy() method.&#10;" type="org.mockito.exceptions.misusing.WrongTypeOfReturnValue"><![CDATA[org.mockito.exceptions.misusing.WrongTypeOfReturnValue: 

Object cannot be returned by toCanonical()
toCanonical() should return CanonicalInstruction
***
If you're unsure why you're getting above error read on.
Due to the nature of the syntax above problem might occur because:
1. This exception *might* occur in wrongly written multi-threaded tests.
   Please refer to Mockito FAQ on limitations of concurrency testing.
2. A spy is stubbed using when(spy.foo()).then() syntax. It is safer to stub spies - 
   - with doReturn|Throw() family of methods. More in javadocs for Mockito.spy() method.

	at com.example.trades.service.InstructionTransformer.toCanonical(InstructionTransformer.java:17)
	at com.example.trades.web.UploadControllerTest.uploadJsonFile_shouldReturnOk_andInvokeStoreAndPublisher(UploadControllerTest.java:107)
	at java.base/java.lang.reflect.Method.invoke(Method.java:580)
	at java.base/java.util.ArrayList.forEach(ArrayList.java:1596)
	at java.base/java.util.ArrayList.forEach(ArrayList.java:1596)
]]></error>
  </testcase>
</testsuite>